{
  "0 debug pnpm:scope": {
    "selected": 14,
    "total": 14,
    "workspacePrefix": "/Users/zhangmengjia/me/study-antd"
  },
  "1 debug pnpm:package-manifest": {
    "initial": {
      "name": "study-antd",
      "version": "1.0.0",
      "description": "antd组件库MVP",
      "main": "index.js",
      "scripts": {
        "create:ts": "plop --plopfile ./scripts/plopfile-ts.js",
        "create:js": "plop --plopfile ./scripts/plopfile-js.js",
        "storybook": "start-storybook -p 6006",
        "build-storybook": "build-storybook",
        "lint:script": "eslint . --ext .js,.jsx,.ts,.tsx",
        "lint:style": "stylelint 'packages/**/*.less'",
        "prettier": "prettier -c --write **/*",
        "start": "pnpm run storybook"
      },
      "keywords": [],
      "author": "",
      "license": "ISC",
      "devDependencies": {
        "@babel/core": "^7.18.0",
        "@babel/plugin-transform-runtime": "^7.18.0",
        "@babel/preset-env": "^7.18.0",
        "@babel/preset-react": "^7.17.12",
        "@rollup/plugin-babel": "^5.3.1",
        "@rollup/plugin-commonjs": "^22.0.0",
        "@rollup/plugin-node-resolve": "^13.3.0",
        "@storybook/addon-actions": "^6.5.3",
        "@storybook/addon-essentials": "^6.5.3",
        "@storybook/addon-interactions": "^6.5.3",
        "@storybook/addon-links": "^6.5.3",
        "@storybook/builder-webpack4": "^6.5.3",
        "@storybook/builder-webpack5": "^6.5.5",
        "@storybook/manager-webpack4": "^6.5.3",
        "@storybook/manager-webpack5": "^6.5.5",
        "@storybook/react": "^6.5.3",
        "@storybook/testing-library": "^0.0.11",
        "@types/node": "^17.0.36",
        "@types/react": "^18.0.9",
        "@typescript-eslint/eslint-plugin": "^5.26.0",
        "@typescript-eslint/parser": "^5.26.0",
        "add": "^2.0.6",
        "antd": "^4.20.6",
        "autoprefixer": "^10.4.7",
        "babel-loader": "^8.2.5",
        "classnames": "^2.3.1",
        "css-loader": "^6.7.1",
        "eslint": "^8.16.0",
        "eslint-config-airbnb": "^19.0.4",
        "eslint-config-prettier": "^8.5.0",
        "eslint-plugin-babel": "^5.3.1",
        "eslint-plugin-import": "^2.25.3",
        "eslint-plugin-jsx-a11y": "^6.5.1",
        "eslint-plugin-markdown": "^2.2.1",
        "eslint-plugin-react": "^7.28.0",
        "eslint-plugin-react-hooks": "^4.3.0",
        "eslint-plugin-unicorn": "^42.0.0",
        "fs-extra": "^10.1.0",
        "gulp": "^4.0.2",
        "gulp-babel": "^8.0.0",
        "gulp-less": "^5.0.0",
        "gulp-replace": "^1.1.3",
        "gulp-typescript": "^6.0.0-alpha.1",
        "less": "^4.1.2",
        "less-loader": "^11.0.0",
        "plop": "^3.1.0",
        "postcss": "^8.4.14",
        "postcss-flexbugs-fixes": "^5.0.2",
        "prettier": "^2.6.2",
        "react": "^18.1.0",
        "react-dom": "^18.1.0",
        "rollup": "^2.74.1",
        "rollup-plugin-typescript2": "^0.31.2",
        "style-loader": "^3.3.1",
        "stylelint": "^14.8.5",
        "stylelint-config-prettier": "^9.0.3",
        "stylelint-config-rational-order": "^0.1.2",
        "stylelint-config-standard": "^25.0.0",
        "through2": "^4.0.2",
        "tsconfig-paths-webpack-plugin": "^3.5.2",
        "tslib": "^2.4.0",
        "typescript": "^4.6.4",
        "yargs": "^17.5.1"
      },
      "dependencies": {
        "@ant-design/icons": "^4.7.0",
        "@babel/runtime": "^7.18.0",
        "@babel/runtime-corejs3": "^7.18.0",
        "chalk": "4",
        "child-process-promise": "^2.2.1",
        "rc-util": "^5.21.4",
        "stylelint-declaration-block-no-ignored-properties": "^2.5.0"
      }
    },
    "prefix": "/Users/zhangmengjia/me/study-antd"
  },
  "2 debug pnpm:package-manifest": {
    "initial": {
      "name": "@study/style",
      "version": "1.0.0",
      "module": "esm/index.js",
      "main": "cjs/index.js",
      "scripts": {
        "compile": "lessc ./src/index.less color.css",
        "build": "gulp build"
      }
    },
    "prefix": "/Users/zhangmengjia/me/study-antd/packages/style"
  },
  "3 debug pnpm:package-manifest": {
    "initial": {
      "name": "@study/util",
      "version": "1.0.0",
      "module": "esm/index.js",
      "main": "cjs/index.js",
      "typings": "lib/index.d.ts",
      "scripts": {
        "build": "node ./scripts/build"
      },
      "dependencies": {
        "rc-util": "^5.21.4"
      },
      "devDependencies": {
        "@types/node": "^17.0.36",
        "@types/react": "^18.0.9",
        "@types/react-dom": "^18.0.5",
        "react": "^18.1.0"
      },
      "peerDependencies": {
        "react": "^18.1.0"
      }
    },
    "prefix": "/Users/zhangmengjia/me/study-antd/packages/util"
  },
  "4 debug pnpm:package-manifest": {
    "initial": {
      "name": "@study/button",
      "main": "cjs/index.js",
      "module": "esm/index.js",
      "typings": "lib/index.d.ts",
      "scripts": {
        "build": "gulp",
        "test": "rollup -c ./rollup.config.js",
        "dts": "node ./scripts/generateDTS",
        "buildLess": "gulp"
      },
      "devDependencies": {
        "react": "^18.1.0"
      },
      "peerDependencies": {
        "react": "^18.1.0"
      },
      "dependencies": {
        "@ant-design/icons": "^4.7.0",
        "@study/style": "^1.0.0",
        "@study/util": "^1.0.0",
        "classname": "^0.0.0",
        "rc-motion": "^2.6.0",
        "tslib": "^2.4.0"
      }
    },
    "prefix": "/Users/zhangmengjia/me/study-antd/packages/button"
  },
  "5 debug pnpm:package-manifest": {
    "initial": {
      "name": "@study/carousel",
      "main": "cjs/index.js",
      "module": "esm/index.js",
      "typings": "lib/index.d.ts",
      "scripts": {
        "build": "gulp"
      },
      "devDependencies": {
        "react": "^18.1.0"
      },
      "peerDependencies": {
        "react": "^18.1.0"
      },
      "dependencies": {
        "@study/style": "^1.0.0",
        "@study/util": "^1.0.0",
        "classname": "^0.0.0",
        "tslib": "^2.4.0"
      }
    },
    "prefix": "/Users/zhangmengjia/me/study-antd/packages/carousel"
  },
  "6 debug pnpm:package-manifest": {
    "initial": {
      "name": "@study/input",
      "main": "cjs/index.js",
      "module": "esm/index.js",
      "typings": "lib/index.d.ts",
      "scripts": {
        "build": "gulp"
      },
      "devDependencies": {
        "react": "^18.1.0"
      },
      "peerDependencies": {
        "react": "^18.1.0"
      },
      "dependencies": {
        "@study/style": "^1.0.0",
        "@study/util": "^1.0.0",
        "classname": "^0.0.0",
        "classnames": "^2.3.1",
        "tslib": "^2.4.0"
      }
    },
    "prefix": "/Users/zhangmengjia/me/study-antd/packages/input"
  },
  "7 debug pnpm:package-manifest": {
    "initial": {
      "name": "@study/menu",
      "main": "cjs/index.js",
      "module": "esm/index.js",
      "typings": "lib/index.d.ts",
      "scripts": {
        "build": "gulp"
      },
      "devDependencies": {
        "react": "^18.1.0"
      },
      "peerDependencies": {
        "react": "^18.1.0"
      },
      "dependencies": {
        "@study/style": "^1.0.0",
        "@study/util": "^1.0.0",
        "classname": "^0.0.0",
        "tslib": "^2.4.0"
      }
    },
    "prefix": "/Users/zhangmengjia/me/study-antd/packages/menu"
  },
  "8 debug pnpm:package-manifest": {
    "initial": {
      "name": "@study/message",
      "main": "cjs/index.js",
      "module": "esm/index.js",
      "typings": "lib/index.d.ts",
      "scripts": {
        "build": "gulp"
      },
      "devDependencies": {
        "react": "^18.1.0"
      },
      "peerDependencies": {
        "react": "^18.1.0"
      },
      "dependencies": {
        "@study/style": "^1.0.0",
        "@study/util": "^1.0.0",
        "classname": "^0.0.0",
        "rc-motion": "^2.6.0",
        "react-dom": "^18.1.0",
        "tslib": "^2.4.0"
      }
    },
    "prefix": "/Users/zhangmengjia/me/study-antd/packages/message"
  },
  "9 debug pnpm:package-manifest": {
    "initial": {
      "name": "@study/popconfirm",
      "main": "cjs/index.js",
      "module": "esm/index.js",
      "typings": "lib/index.d.ts",
      "scripts": {
        "build": "gulp"
      },
      "devDependencies": {
        "react": "^18.1.0"
      },
      "peerDependencies": {
        "react": "^18.1.0"
      },
      "dependencies": {
        "@study/style": "^1.0.0",
        "@study/util": "^1.0.0",
        "classname": "^0.0.0",
        "tslib": "^2.4.0"
      }
    },
    "prefix": "/Users/zhangmengjia/me/study-antd/packages/popconfirm"
  },
  "10 debug pnpm:package-manifest": {
    "initial": {
      "name": "@study/skeleton",
      "main": "cjs/index.js",
      "module": "esm/index.js",
      "typings": "lib/index.d.ts",
      "scripts": {
        "build": "gulp"
      },
      "devDependencies": {
        "react": "^18.1.0"
      },
      "peerDependencies": {
        "react": "^18.1.0"
      },
      "dependencies": {
        "@study/style": "^1.0.0",
        "@study/util": "^1.0.0",
        "classname": "^0.0.0",
        "tslib": "^2.4.0"
      }
    },
    "prefix": "/Users/zhangmengjia/me/study-antd/packages/skeleton"
  },
  "11 debug pnpm:package-manifest": {
    "initial": {
      "name": "@study/switch",
      "main": "cjs/index.js",
      "module": "esm/index.js",
      "typings": "lib/index.d.ts",
      "scripts": {
        "build": "gulp"
      },
      "devDependencies": {
        "react": "^18.1.0"
      },
      "peerDependencies": {
        "react": "^18.1.0"
      },
      "dependencies": {
        "@study/style": "^1.0.0",
        "@study/util": "^1.0.0",
        "@types/react": "^18.0.9",
        "classname": "^0.0.0",
        "tslib": "^2.4.0"
      }
    },
    "prefix": "/Users/zhangmengjia/me/study-antd/packages/switch"
  },
  "12 debug pnpm:package-manifest": {
    "initial": {
      "name": "@study/table",
      "main": "cjs/index.js",
      "module": "esm/index.js",
      "typings": "lib/index.d.ts",
      "scripts": {
        "build": "gulp"
      },
      "devDependencies": {
        "react": "^18.1.0"
      },
      "peerDependencies": {
        "react": "^18.1.0"
      },
      "dependencies": {
        "@study/style": "^1.0.0",
        "@study/util": "^1.0.0",
        "classname": "^0.0.0",
        "rc-animate": "^3.1.1",
        "rc-table": "^7.24.2",
        "tslib": "^2.4.0"
      }
    },
    "prefix": "/Users/zhangmengjia/me/study-antd/packages/table"
  },
  "13 debug pnpm:package-manifest": {
    "initial": {
      "name": "@study/transfer",
      "main": "cjs/index.js",
      "module": "esm/index.js",
      "typings": "lib/index.d.ts",
      "scripts": {
        "build": "gulp"
      },
      "devDependencies": {
        "react": "^18.1.0"
      },
      "peerDependencies": {
        "react": "^18.1.0"
      },
      "dependencies": {
        "@study/style": "^1.0.0",
        "@study/util": "^1.0.0",
        "classname": "^0.0.0",
        "classnames": "^2.3.1",
        "tslib": "^2.4.0"
      }
    },
    "prefix": "/Users/zhangmengjia/me/study-antd/packages/transfer"
  },
  "14 debug pnpm:package-manifest": {
    "initial": {
      "name": "@study/typography",
      "main": "cjs/index.js",
      "module": "esm/index.js",
      "typings": "lib/index.d.ts",
      "scripts": {
        "build": "gulp"
      },
      "devDependencies": {
        "react": "^18.1.0"
      },
      "peerDependencies": {
        "react": "^18.1.0"
      },
      "dependencies": {
        "@study/style": "^1.0.0",
        "@study/util": "^1.0.0",
        "classname": "^0.0.0",
        "copy-to-clipboard": "^3.3.1",
        "rc-resize-observer": "^1.2.0",
        "rc-textarea": "^0.3.7",
        "tslib": "^2.4.0"
      }
    },
    "prefix": "/Users/zhangmengjia/me/study-antd/packages/typography"
  },
  "15 debug pnpm:context": {
    "currentLockfileExists": false,
    "storeDir": "/Users/zhangmengjia/.pnpm-store/v3",
    "virtualStoreDir": "/Users/zhangmengjia/me/study-antd/node_modules/.pnpm"
  },
  "16 info pnpm": {
    "message": "Lockfile is up-to-date, resolution step is skipped",
    "prefix": "/Users/zhangmengjia/me/study-antd"
  },
  "17 error pnpm": {
    "code": "ERR_PNPM_OUTDATED_LOCKFILE",
    "hint": "Note that in CI environments this setting is true by default. If you still need to run install in such cases, use \"pnpm install --no-frozen-lockfile\"",
    "err": {
      "name": "pnpm",
      "message": "Cannot install with \"frozen-lockfile\" because pnpm-lock.yaml is not up-to-date with packages/typography/package.json",
      "code": "ERR_PNPM_OUTDATED_LOCKFILE",
      "stack": "pnpm: Cannot install with \"frozen-lockfile\" because pnpm-lock.yaml is not up-to-date with packages/typography/package.json\n    at exports2.default (/usr/local/lib/node_modules/pnpm/dist/pnpm.cjs:115219:19)\n    at async _install (/usr/local/lib/node_modules/pnpm/dist/pnpm.cjs:119698:15)\n    at async mutateModules (/usr/local/lib/node_modules/pnpm/dist/pnpm.cjs:119638:23)\n    at async recursive (/usr/local/lib/node_modules/pnpm/dist/pnpm.cjs:121572:29)\n    at async handler (/usr/local/lib/node_modules/pnpm/dist/pnpm.cjs:121876:11)\n    at async /usr/local/lib/node_modules/pnpm/dist/pnpm.cjs:182194:21\n    at async run (/usr/local/lib/node_modules/pnpm/dist/pnpm.cjs:182168:34)\n    at async runPnpm (/usr/local/lib/node_modules/pnpm/dist/pnpm.cjs:182387:5)\n    at async /usr/local/lib/node_modules/pnpm/dist/pnpm.cjs:182379:7"
    }
  }
}